<?xml version="1.0" encoding="UTF-8"?>
<!-- Generated by org.testng.reporters.JUnitReportReporter -->
<testsuite hostname="DESKTOP-Q2NUHK3" failures="0" tests="1" name="practice.Pom" time="90.965" errors="0" timestamp="2022-06-28T17:58:24 IST" skipped="0">
  <testcase classname="practice.Pom" name="driver1" time="90.965"/>
  <system-out/>
</testsuite> <!-- practice.Pom -->
