<?xml version="1.0" encoding="UTF-8"?>
<!-- Generated by org.testng.reporters.JUnitReportReporter -->
<testsuite hostname="DESKTOP-Q2NUHK3" failures="0" tests="1" name="practice.Testbaseflipckart" time="23.267" errors="0" timestamp="2022-06-28T18:17:10 IST" skipped="0">
  <testcase classname="practice.Testbaseflipckart" name="driver1" time="23.267"/>
  <system-out/>
</testsuite> <!-- practice.Testbaseflipckart -->
