<?xml version="1.0" encoding="UTF-8"?>
<!-- Generated by org.testng.reporters.JUnitReportReporter -->
<testsuite hostname="DESKTOP-Q2NUHK3" failures="0" tests="5" name="practice.varifytitle" time="37.974" errors="0" timestamp="2022-06-18T18:50:06 IST" skipped="0">
  <testcase classname="practice.varifytitle" name="varifypage" time="30.269"/>
  <system-out/>
  <testcase classname="practice.varifytitle" name="mobile" time="3.645"/>
  <system-out/>
  <testcase classname="practice.varifytitle" name="dropdown" time="1.757"/>
  <system-out/>
  <testcase classname="practice.varifytitle" name="printlistdrodown" time="2.143"/>
  <system-out/>
  <testcase classname="practice.varifytitle" name="checksorted" time="0.160"/>
  <system-out/>
</testsuite> <!-- practice.varifytitle -->
