<?xml version="1.0" encoding="UTF-8"?>
<!-- Generated by org.testng.reporters.JUnitReportReporter -->
<testsuite hostname="DESKTOP-Q2NUHK3" failures="0" tests="3" name="practice.test2" time="30.952" errors="0" timestamp="2022-06-20T09:00:41 IST" skipped="0">
  <testcase classname="practice.test2" name="mobilepage" time="24.086"/>
  <system-out/>
  <testcase classname="practice.test2" name="detailpage" time="6.842"/>
  <system-out/>
  <testcase classname="practice.test2" name="compareprice" time="0.024"/>
  <system-out/>
</testsuite> <!-- practice.test2 -->
