<?xml version="1.0" encoding="UTF-8"?>
<!-- Generated by org.testng.reporters.JUnitReportReporter -->
<testsuite hostname="DESKTOP-Q2NUHK3" failures="0" tests="1" name="Testsuiteng.Parametrised" time="0.009" errors="0" timestamp="2022-09-04T15:33:49 IST" skipped="0">
  <testcase classname="Testsuiteng.Parametrised" name="kemo" time="0.009"/>
  <system-out/>
</testsuite> <!-- Testsuiteng.Parametrised -->
